dep :01...
dep :02...
dep :03...
dep :04...
dep :05...
dep :06...
dep :07...
dep :08...
dep :09...
NOTICE:  Self-intersection at or near point 107112.53999999999 5326781.4699999997
dep :10...
dep :11...
NOTICE:  Self-intersection at or near point 303567.12528290175 5304538.9115884779
dep :12...
dep :13...
dep :14...
dep :15...
dep :16...
dep :17...
dep :18...
dep :19...
dep :2A...
dep :2B...
dep :21...
dep :22...
dep :23...
dep :24...
dep :25...
dep :26...
dep :27...
dep :28...
dep :29...
dep :30...
dep :31...
NOTICE:  Self-intersection at or near point 107112.53999999999 5326781.4699999997
dep :32...
dep :33...
dep :34...
dep :35...
dep :36...
dep :37...
dep :38...
dep :39...
dep :40...
dep :41...
dep :42...
dep :43...
dep :44...
dep :45...
dep :46...
dep :47...
NOTICE:  Self-intersection at or near point 92252.143603784061 5489544.2936158674
dep :48...
dep :49...
dep :50...
dep :51...
dep :52...
dep :53...
dep :54...
dep :55...
dep :56...
dep :57...
dep :58...
dep :59...
dep :60...
dep :61...
dep :62...
dep :63...
dep :64...
dep :65...
dep :66...
dep :67...
dep :68...
dep :69...
dep :70...
dep :71...
dep :72...
dep :73...
dep :74...
dep :75...
PHP Warning:  Division by zero in /data/project/osm2pgsql/outils-exportation/etat-communes/commune_stats.php on line 251
PHP Warning:  Division by zero in /data/project/osm2pgsql/outils-exportation/etat-communes/commune_stats.php on line 252
dep :76...
dep :77...
dep :78...
dep :79...
dep :80...
dep :81...
dep :82...
NOTICE:  Self-intersection at or near point 92252.143603784061 5489544.2936158674
dep :83...
dep :84...
dep :85...
dep :86...
dep :87...
dep :88...
dep :89...
dep :90...
dep :91...
dep :92...
dep :93...
dep :94...
dep :95...
dep :971...
dep :972...
dep :973...
dep :974...
